<?xml version="1.0" encoding="UTF-8"?>
<testsuites>
    <testsuite name="force.apex" timestamp="2025-12-15T15:00:54.000Z" hostname="https://orgfarm-377d27c398-dev-ed.develop.my.salesforce.com" tests="21" failures="0"  errors="0"  time="6.02">
        <properties>
            <property name="outcome" value="Successful"/>
            <property name="testsRan" value="21"/>
            <property name="passing" value="21"/>
            <property name="failing" value="0"/>
            <property name="skipped" value="0"/>
            <property name="passRate" value="100%"/>
            <property name="failRate" value="0%"/>
            <property name="testStartTime" value="Mon Dec 15 2025 4:00:54 PM"/>
            <property name="testSetupTimeInMs" value="0"/>
            <property name="testExecutionTime" value="6.02 s"/>
            <property name="testTotalTime" value="6.02 s"/>
            <property name="commandTime" value="0.33 s"/>
            <property name="hostname" value="https://orgfarm-377d27c398-dev-ed.develop.my.salesforce.com"/>
            <property name="orgId" value="00DgK00000G1ScCUAV"/>
            <property name="username" value="projet8.adesfonds581@agentforce.com"/>
            <property name="testRunId" value="707gK00000MLSWZ"/>
            <property name="userId" value="005gK00000SFqVLQA1"/>
        </properties>
        <testcase name="testCreateAndGetOpportunities" classname="GGT_OpportunityServiceTest" time="0.30">
        </testcase>
        <testcase name="testValidation_negativeAmount" classname="GGT_OpportunityServiceTest" time="0.08">
        </testcase>
        <testcase name="testCreateContracts" classname="GGT_ContractServiceTest" time="0.28">
        </testcase>
        <testcase name="testDeleteContracts" classname="GGT_ContractServiceTest" time="0.72">
        </testcase>
        <testcase name="testGetActiveContractsByAccount" classname="GGT_ContractServiceTest" time="0.14">
        </testcase>
        <testcase name="testUpdateContracts" classname="GGT_ContractServiceTest" time="0.13">
        </testcase>
        <testcase name="testValidation_missingAccount" classname="GGT_ContractServiceTest" time="0.01">
        </testcase>
        <testcase name="testTripStatusUpdateBatch" classname="GGT_TripStatusUpdateBatchTest" time="0.52">
        </testcase>
        <testcase name="testBulkTripCreation" classname="GGT_OpportunityTripHandlerTest" time="0.65">
        </testcase>
        <testcase name="testNoDuplicateTripCreation" classname="GGT_OpportunityTripHandlerTest" time="0.25">
        </testcase>
        <testcase name="testTripCreationOnClosedWon" classname="GGT_OpportunityTripHandlerTest" time="0.20">
        </testcase>
        <testcase name="testCreateAndGetTrips" classname="GGT_TripServiceTest" time="0.34">
        </testcase>
        <testcase name="testDeleteTrips" classname="GGT_TripServiceTest" time="0.80">
        </testcase>
        <testcase name="testTripValidation_negativeCost" classname="GGT_TripServiceTest" time="0.11">
        </testcase>
        <testcase name="testUpdateTrips" classname="GGT_TripServiceTest" time="0.16">
        </testcase>
        <testcase name="testAccountValidation_missingName" classname="GGT_AccountServiceTest" time="0.03">
        </testcase>
        <testcase name="testCreateAccounts" classname="GGT_AccountServiceTest" time="0.20">
        </testcase>
        <testcase name="testDeleteAccounts" classname="GGT_AccountServiceTest" time="0.89">
        </testcase>
        <testcase name="testReadAccountsByName" classname="GGT_AccountServiceTest" time="0.09">
        </testcase>
        <testcase name="testUpdateAccounts" classname="GGT_AccountServiceTest" time="0.11">
        </testcase>
        <testcase name="testTripCancellationBatch" classname="GGT_TripCancellationBatchTest" time="0.55">
        </testcase>
    </testsuite>
</testsuites>
