<?xml version="1.0" encoding="UTF-8"?>
<testsuites>
    <testsuite name="force.apex" timestamp="2025-12-15T14:49:47.000Z" hostname="https://orgfarm-377d27c398-dev-ed.develop.my.salesforce.com" tests="21" failures="1"  errors="0"  time="5.92">
        <properties>
            <property name="outcome" value="Failed"/>
            <property name="testsRan" value="21"/>
            <property name="passing" value="20"/>
            <property name="failing" value="1"/>
            <property name="skipped" value="0"/>
            <property name="passRate" value="95%"/>
            <property name="failRate" value="5%"/>
            <property name="testStartTime" value="Mon Dec 15 2025 3:49:47 PM"/>
            <property name="testSetupTimeInMs" value="0"/>
            <property name="testExecutionTime" value="5.92 s"/>
            <property name="testTotalTime" value="5.92 s"/>
            <property name="commandTime" value="0.23 s"/>
            <property name="hostname" value="https://orgfarm-377d27c398-dev-ed.develop.my.salesforce.com"/>
            <property name="orgId" value="00DgK00000G1ScCUAV"/>
            <property name="username" value="projet8.adesfonds581@agentforce.com"/>
            <property name="testRunId" value="707gK00000MLOu4"/>
            <property name="userId" value="005gK00000SFqVLQA1"/>
        </properties>
        <testcase name="testCreateAndGetOpportunities" classname="GGT_OpportunityServiceTest" time="0.33">
        </testcase>
        <testcase name="testValidation_negativeAmount" classname="GGT_OpportunityServiceTest" time="0.07">
        </testcase>
        <testcase name="testCreateContracts" classname="GGT_ContractServiceTest" time="0.28">
        </testcase>
        <testcase name="testDeleteContracts" classname="GGT_ContractServiceTest" time="0.75">
        </testcase>
        <testcase name="testGetActiveContractsByAccount" classname="GGT_ContractServiceTest" time="0.14">
        </testcase>
        <testcase name="testUpdateContracts" classname="GGT_ContractServiceTest" time="0.13">
        </testcase>
        <testcase name="testValidation_missingAccount" classname="GGT_ContractServiceTest" time="0.02">
        </testcase>
        <testcase name="testTripStatusUpdateBatch" classname="GGT_TripStatusUpdateBatchTest" time="0.56">
            <failure message="System.AssertException: Assertion Failed: Cancelled trip status must remain Annulé: Expected: Annulé, Actual: En cours"><![CDATA[Class.GGT_TripStatusUpdateBatchTest.testTripStatusUpdateBatch: line 72, column 1]]></failure>
        </testcase>
        <testcase name="testBulkTripCreation" classname="GGT_OpportunityTripHandlerTest" time="0.56">
        </testcase>
        <testcase name="testNoDuplicateTripCreation" classname="GGT_OpportunityTripHandlerTest" time="0.24">
        </testcase>
        <testcase name="testTripCreationOnClosedWon" classname="GGT_OpportunityTripHandlerTest" time="0.19">
        </testcase>
        <testcase name="testCreateAndGetTrips" classname="GGT_TripServiceTest" time="0.35">
        </testcase>
        <testcase name="testDeleteTrips" classname="GGT_TripServiceTest" time="0.58">
        </testcase>
        <testcase name="testTripValidation_negativeCost" classname="GGT_TripServiceTest" time="0.14">
        </testcase>
        <testcase name="testUpdateTrips" classname="GGT_TripServiceTest" time="0.17">
        </testcase>
        <testcase name="testAccountValidation_missingName" classname="GGT_AccountServiceTest" time="0.04">
        </testcase>
        <testcase name="testCreateAccounts" classname="GGT_AccountServiceTest" time="0.25">
        </testcase>
        <testcase name="testDeleteAccounts" classname="GGT_AccountServiceTest" time="0.85">
        </testcase>
        <testcase name="testReadAccountsByName" classname="GGT_AccountServiceTest" time="0.12">
        </testcase>
        <testcase name="testUpdateAccounts" classname="GGT_AccountServiceTest" time="0.11">
        </testcase>
        <testcase name="testTripCancellationBatch" classname="GGT_TripCancellationBatchTest" time="0.60">
        </testcase>
    </testsuite>
</testsuites>
